  TP1.cpp
  shader.cpp
  controls.cpp
  texture.cpp
E:\Users\pups\Documents\Univ\Master_Imagine\S2\HAI819I_Moteur_de_Jeux\TP1_code\TP1\TP1.cpp(166,74): error C2398: Élément '1' : la conversion de 'int' en '_Ty' requiert une conversion restrictive
          with
          [
              _Ty=unsigned short
          ]
E:\Users\pups\Documents\Univ\Master_Imagine\S2\HAI819I_Moteur_de_Jeux\TP1_code\TP1\TP1.cpp(166,90): error C2398: Élément '2' : la conversion de 'int' en '_Ty' requiert une conversion restrictive
          with
          [
              _Ty=unsigned short
          ]
E:\Users\pups\Documents\Univ\Master_Imagine\S2\HAI819I_Moteur_de_Jeux\TP1_code\TP1\TP1.cpp(166,108): error C2398: Élément '3' : la conversion de 'int' en '_Ty' requiert une conversion restrictive
          with
          [
              _Ty=unsigned short
          ]
E:\Users\pups\Documents\Univ\Master_Imagine\S2\HAI819I_Moteur_de_Jeux\TP1_code\TP1\TP1.cpp(167,75): error C2398: Élément '1' : la conversion de 'int' en '_Ty' requiert une conversion restrictive
          with
          [
              _Ty=unsigned short
          ]
E:\Users\pups\Documents\Univ\Master_Imagine\S2\HAI819I_Moteur_de_Jeux\TP1_code\TP1\TP1.cpp(167,93): error C2398: Élément '2' : la conversion de 'int' en '_Ty' requiert une conversion restrictive
          with
          [
              _Ty=unsigned short
          ]
E:\Users\pups\Documents\Univ\Master_Imagine\S2\HAI819I_Moteur_de_Jeux\TP1_code\TP1\TP1.cpp(167,113): error C2398: Élément '3' : la conversion de 'int' en '_Ty' requiert une conversion restrictive
          with
          [
              _Ty=unsigned short
          ]
E:\Users\pups\Documents\Univ\Master_Imagine\S2\HAI819I_Moteur_de_Jeux\TP1_code\TP1\TP1.cpp(218,28): warning C4244: 'initialisation' : conversion de 'double' en 'float', perte possible de données
E:\Users\pups\Documents\Univ\Master_Imagine\S2\HAI819I_Moteur_de_Jeux\TP1_code\TP1\TP1.cpp(280,21): warning C4267: 'argument' : conversion de 'size_t' en 'GLsizei', perte possible de données
E:\Users\pups\Documents\Univ\Master_Imagine\S2\HAI819I_Moteur_de_Jeux\TP1_code\TP1\TP1.cpp(349,23): warning C4244: 'initialisation' : conversion de 'double' en 'float', perte possible de données
  objloader.cpp
  vboindexer.cpp
E:\Users\pups\Documents\Univ\Master_Imagine\S2\HAI819I_Moteur_de_Jeux\TP1_code\common\objloader.cpp(189,72): warning C4267: 'initialisation' : conversion de 'size_t' en 'unsigned short', perte possible de données
E:\Users\pups\Documents\Univ\Master_Imagine\S2\HAI819I_Moteur_de_Jeux\TP1_code\common\objloader.cpp(295,72): warning C4267: 'initialisation' : conversion de 'size_t' en 'unsigned short', perte possible de données
